<?xml version="1.0" encoding="UTF-8"?>
<!-- Generated by org.testng.reporters.JUnitReportReporter -->
<testsuite hostname="DESKTOP-DBU6T59" failures="0" tests="1" name="SumValidation" time="1.220" errors="0" timestamp="2022-03-02T19:59:42 IST" skipped="0">
  <testcase classname="SumValidation" name="sumOfCourses" time="1.220"/>
  <system-out/>
</testsuite> <!-- SumValidation -->
