<?xml version="1.0" encoding="UTF-8"?>
<!-- Generated by org.testng.reporters.JUnitReportReporter -->
<testsuite hostname="DESKTOP-DBU6T59" failures="0" tests="1" name="GetBook" time="2.060" errors="0" timestamp="2022-03-06T14:22:57 IST" skipped="0">
  <testcase classname="GetBook" name="getBook" time="2.060"/>
  <system-out/>
</testsuite> <!-- GetBook -->
