<?xml version="1.0" encoding="UTF-8"?>
<!-- Generated by org.testng.reporters.JUnitReportReporter -->
<testsuite hostname="DESKTOP-DBU6T59" failures="0" tests="3" name="files.DynamicJson" time="2.980" errors="0" timestamp="2022-03-06T16:34:29 IST" skipped="0">
  <testcase classname="files.DynamicJson" name="addBook" time="2.151"/>
  <system-out/>
  <testcase classname="files.DynamicJson" name="addBook" time="0.389"/>
  <system-out/>
  <testcase classname="files.DynamicJson" name="addBook" time="0.440"/>
  <system-out/>
</testsuite> <!-- files.DynamicJson -->
